<h2>Reporter output</h2><table><tr><td>A Class Started..</td></tr>
<tr><td>testLoginA Test Started..</td></tr>
<tr><td>testLoginA Test Passed..</td></tr>
<tr><td>A Test Finished..</td></tr>
<tr><td>B Class Started..</td></tr>
<tr><td>testLoginB Test Started..</td></tr>
<tr><td>testLoginB Test Failed..java.lang.AssertionError: did not expect to find [true] but found [false]</td></tr>
<tr><td>captureScreen method called</td></tr>
<tr><td><a href='C:\Users\jlerona\Selenium-eclipse-workspace\latestPageObjectModelFramework-master\src\main\resources\screenShots\testLoginB_21_11_2019_04_05_44.png'><img src='C:\Users\jlerona\Selenium-eclipse-workspace\latestPageObjectModelFramework-master\src\main\resources\screenShots\testLoginB_21_11_2019_04_05_44.png'height='100' width='100'/></a></td></tr>
<tr><td>B Test Finished..</td></tr>
<tr><td>C Class Started..</td></tr>
<tr><td>testLoginC Test Started..</td></tr>
<tr><td>testLoginC Test Failed..java.lang.AssertionError: did not expect to find [true] but found [false]</td></tr>
<tr><td>captureScreen method called</td></tr>
<tr><td><a href='C:\Users\jlerona\Selenium-eclipse-workspace\latestPageObjectModelFramework-master\src\main\resources\screenShots\testLoginC_21_11_2019_04_05_49.png'><img src='C:\Users\jlerona\Selenium-eclipse-workspace\latestPageObjectModelFramework-master\src\main\resources\screenShots\testLoginC_21_11_2019_04_05_49.png'height='100' width='100'/></a></td></tr>
</table>